<?xml version="1.0" encoding="UTF-8"?>
<testsuite name="kr.co.gadi.calculator.CalculatorApplicationTests" tests="1" skipped="0" failures="0" errors="0" timestamp="2023-02-03T02:49:41" hostname="gimjaehyeong-ui-MacBookPro.local" time="0.231">
  <properties/>
  <testcase name="contextLoads()" classname="kr.co.gadi.calculator.CalculatorApplicationTests" time="0.231"/>
  <system-out><![CDATA[11:49:40.185 [Test worker] DEBUG org.springframework.test.context.BootstrapUtils - Instantiating CacheAwareContextLoaderDelegate from class [org.springframework.test.context.cache.DefaultCacheAwareContextLoaderDelegate]
11:49:40.200 [Test worker] DEBUG org.springframework.test.context.BootstrapUtils - Instantiating BootstrapContext using constructor [public org.springframework.test.context.support.DefaultBootstrapContext(java.lang.Class,org.springframework.test.context.CacheAwareContextLoaderDelegate)]
11:49:40.242 [Test worker] DEBUG org.springframework.test.context.BootstrapUtils - Instantiating TestContextBootstrapper for test class [kr.co.gadi.calculator.CalculatorApplicationTests] from class [org.springframework.boot.test.context.SpringBootTestContextBootstrapper]
11:49:40.250 [Test worker] INFO org.springframework.boot.test.context.SpringBootTestContextBootstrapper - Neither @ContextConfiguration nor @ContextHierarchy found for test class [kr.co.gadi.calculator.CalculatorApplicationTests], using SpringBootContextLoader
11:49:40.254 [Test worker] DEBUG org.springframework.test.context.support.AbstractContextLoader - Did not detect default resource location for test class [kr.co.gadi.calculator.CalculatorApplicationTests]: class path resource [kr/co/gadi/calculator/CalculatorApplicationTests-context.xml] does not exist
11:49:40.254 [Test worker] DEBUG org.springframework.test.context.support.AbstractContextLoader - Did not detect default resource location for test class [kr.co.gadi.calculator.CalculatorApplicationTests]: class path resource [kr/co/gadi/calculator/CalculatorApplicationTestsContext.groovy] does not exist
11:49:40.254 [Test worker] INFO org.springframework.test.context.support.AbstractContextLoader - Could not detect default resource locations for test class [kr.co.gadi.calculator.CalculatorApplicationTests]: no resource found for suffixes {-context.xml, Context.groovy}.
11:49:40.255 [Test worker] INFO org.springframework.test.context.support.AnnotationConfigContextLoaderUtils - Could not detect default configuration classes for test class [kr.co.gadi.calculator.CalculatorApplicationTests]: CalculatorApplicationTests does not declare any static, non-private, non-final, nested classes annotated with @Configuration.
11:49:40.282 [Test worker] DEBUG org.springframework.test.context.support.ActiveProfilesUtils - Could not find an 'annotation declaring class' for annotation type [org.springframework.test.context.ActiveProfiles] and class [kr.co.gadi.calculator.CalculatorApplicationTests]
11:49:40.336 [Test worker] DEBUG org.springframework.context.annotation.ClassPathScanningCandidateComponentProvider - Identified candidate component class: file [/Applications/git-worksapce/calculator/build/classes/java/main/kr/co/gadi/calculator/CalculatorApplication.class]
11:49:40.342 [Test worker] INFO org.springframework.boot.test.context.SpringBootTestContextBootstrapper - Found @SpringBootConfiguration kr.co.gadi.calculator.CalculatorApplication for test class kr.co.gadi.calculator.CalculatorApplicationTests
11:49:40.419 [Test worker] DEBUG org.springframework.boot.test.context.SpringBootTestContextBootstrapper - @TestExecutionListeners is not present for class [kr.co.gadi.calculator.CalculatorApplicationTests]: using defaults.
11:49:40.419 [Test worker] INFO org.springframework.boot.test.context.SpringBootTestContextBootstrapper - Loaded default TestExecutionListener class names from location [META-INF/spring.factories]: [org.springframework.boot.test.autoconfigure.restdocs.RestDocsTestExecutionListener, org.springframework.boot.test.autoconfigure.web.client.MockRestServiceServerResetTestExecutionListener, org.springframework.boot.test.autoconfigure.web.servlet.MockMvcPrintOnlyOnFailureTestExecutionListener, org.springframework.boot.test.autoconfigure.web.servlet.WebDriverTestExecutionListener, org.springframework.boot.test.autoconfigure.webservices.client.MockWebServiceServerTestExecutionListener, org.springframework.boot.test.mock.mockito.MockitoTestExecutionListener, org.springframework.boot.test.mock.mockito.ResetMocksTestExecutionListener, org.springframework.test.context.web.ServletTestExecutionListener, org.springframework.test.context.support.DirtiesContextBeforeModesTestExecutionListener, org.springframework.test.context.event.ApplicationEventsTestExecutionListener, org.springframework.test.context.support.DependencyInjectionTestExecutionListener, org.springframework.test.context.support.DirtiesContextTestExecutionListener, org.springframework.test.context.transaction.TransactionalTestExecutionListener, org.springframework.test.context.jdbc.SqlScriptsTestExecutionListener, org.springframework.test.context.event.EventPublishingTestExecutionListener]
11:49:40.428 [Test worker] DEBUG org.springframework.boot.test.context.SpringBootTestContextBootstrapper - Skipping candidate TestExecutionListener [org.springframework.test.context.transaction.TransactionalTestExecutionListener] due to a missing dependency. Specify custom listener classes or make the default listener classes and their required dependencies available. Offending class: [org/springframework/transaction/TransactionDefinition]
11:49:40.428 [Test worker] DEBUG org.springframework.boot.test.context.SpringBootTestContextBootstrapper - Skipping candidate TestExecutionListener [org.springframework.test.context.jdbc.SqlScriptsTestExecutionListener] due to a missing dependency. Specify custom listener classes or make the default listener classes and their required dependencies available. Offending class: [org/springframework/transaction/interceptor/TransactionAttribute]
11:49:40.428 [Test worker] INFO org.springframework.boot.test.context.SpringBootTestContextBootstrapper - Using TestExecutionListeners: [org.springframework.test.context.web.ServletTestExecutionListener@71de1091, org.springframework.test.context.support.DirtiesContextBeforeModesTestExecutionListener@25c16cf7, org.springframework.test.context.event.ApplicationEventsTestExecutionListener@53dbe7b2, org.springframework.boot.test.mock.mockito.MockitoTestExecutionListener@520ec7a7, org.springframework.boot.test.autoconfigure.SpringBootDependencyInjectionTestExecutionListener@53551fef, org.springframework.test.context.support.DirtiesContextTestExecutionListener@7d5d77a6, org.springframework.test.context.event.EventPublishingTestExecutionListener@71b7e9c8, org.springframework.boot.test.autoconfigure.restdocs.RestDocsTestExecutionListener@55202ba6, org.springframework.boot.test.autoconfigure.web.client.MockRestServiceServerResetTestExecutionListener@2ef1fc8a, org.springframework.boot.test.autoconfigure.web.servlet.MockMvcPrintOnlyOnFailureTestExecutionListener@38874eb5, org.springframework.boot.test.autoconfigure.web.servlet.WebDriverTestExecutionListener@76b019c4, org.springframework.boot.test.autoconfigure.webservices.client.MockWebServiceServerTestExecutionListener@221961af, org.springframework.boot.test.mock.mockito.ResetMocksTestExecutionListener@32ddcca]
11:49:40.430 [Test worker] DEBUG org.springframework.test.context.support.AbstractDirtiesContextTestExecutionListener - Before test class: context [DefaultTestContext@50d4775b testClass = CalculatorApplicationTests, testInstance = [null], testMethod = [null], testException = [null], mergedContextConfiguration = [WebMergedContextConfiguration@642614b7 testClass = CalculatorApplicationTests, locations = '{}', classes = '{class kr.co.gadi.calculator.CalculatorApplication}', contextInitializerClasses = '[]', activeProfiles = '{}', propertySourceLocations = '{}', propertySourceProperties = '{org.springframework.boot.test.context.SpringBootTestContextBootstrapper=true}', contextCustomizers = set[org.springframework.boot.test.autoconfigure.actuate.metrics.MetricsExportContextCustomizerFactory$DisableMetricExportContextCustomizer@634aa81e, org.springframework.boot.test.autoconfigure.properties.PropertyMappingContextCustomizer@0, org.springframework.boot.test.autoconfigure.web.servlet.WebDriverContextCustomizerFactory$Customizer@2c8a445b, org.springframework.boot.test.context.filter.ExcludeFilterContextCustomizer@11e834ad, org.springframework.boot.test.json.DuplicateJsonObjectContextCustomizerFactory$DuplicateJsonObjectContextCustomizer@6f07d414, org.springframework.boot.test.mock.mockito.MockitoContextCustomizer@0, org.springframework.boot.test.web.client.TestRestTemplateContextCustomizer@6136e1fc, org.springframework.boot.test.context.SpringBootTestArgs@1, org.springframework.boot.test.context.SpringBootTestWebEnvironment@1b9776f5], resourceBasePath = 'src/main/webapp', contextLoader = 'org.springframework.boot.test.context.SpringBootContextLoader', parent = [null]], attributes = map['org.springframework.test.context.web.ServletTestExecutionListener.activateListener' -> true]], class annotated with @DirtiesContext [false] with mode [null].

  .   ____          _            __ _ _
 /\\ / ___'_ __ _ _(_)_ __  __ _ \ \ \ \
( ( )\___ | '_ | '_| | '_ \/ _` | \ \ \ \
 \\/  ___)| |_)| | | | | || (_| |  ) ) ) )
  '  |____| .__|_| |_|_| |_\__, | / / / /
 =========|_|==============|___/=/_/_/_/
 :: Spring Boot ::       (v2.7.9-SNAPSHOT)

2023-02-03 11:49:40.638  INFO 57637 --- [    Test worker] k.c.g.c.CalculatorApplicationTests       : Starting CalculatorApplicationTests using Java 11.0.18 on gimjaehyeong-ui-MacBookPro.local with PID 57637 (started by kimjaehyeong in /Applications/git-worksapce/calculator)
2023-02-03 11:49:40.639  INFO 57637 --- [    Test worker] k.c.g.c.CalculatorApplicationTests       : No active profile set, falling back to 1 default profile: "default"
2023-02-03 11:49:41.465  INFO 57637 --- [    Test worker] k.c.g.c.CalculatorApplicationTests       : Started CalculatorApplicationTests in 1.009 seconds (JVM running for 1.892)
]]></system-out>
  <system-err><![CDATA[]]></system-err>
</testsuite>
